The system is: Windows - 10.0.19045 - AMD64
Compiling the C compiler identification source file "CMakeCCompilerId.c" succeeded.
Compiler: C:/MinGW/bin/gcc.exe 
Build flags: 
Id flags:  

The output was:
0


Compilation of the C compiler identification source "CMakeCCompilerId.c" produced "a.exe"

The C compiler identification is GNU, found in "D:/Projects/Argparser/build/CMakeFiles/3.20.21032501-MSVC_2/CompilerIdC/a.exe"

Compiling the CXX compiler identification source file "CMakeCXXCompilerId.cpp" succeeded.
Compiler: C:/MinGW/bin/g++.exe 
Build flags: 
Id flags:  

The output was:
0


Compilation of the CXX compiler identification source "CMakeCXXCompilerId.cpp" produced "a.exe"

The CXX compiler identification is GNU, found in "D:/Projects/Argparser/build/CMakeFiles/3.20.21032501-MSVC_2/CompilerIdCXX/a.exe"

Determining if the C compiler works passed with the following output:
Change Dir: D:/Projects/Argparser/build/CMakeFiles/CMakeTmp

Run Build Command(s):C:/PROGRA~2/GnuWin32/bin/make.exe -f Makefile cmTC_ad251/fast && C:/PROGRA~2/GnuWin32/bin/make.exe  -f CMakeFiles/cmTC_ad251.dir/build.make CMakeFiles/cmTC_ad251.dir/build
make.exe[1]: Entering directory `D:/Projects/Argparser/build/CMakeFiles/CMakeTmp'
Building C object CMakeFiles/cmTC_ad251.dir/testCCompiler.c.obj
C:/MinGW/bin/gcc.exe    -o CMakeFiles/cmTC_ad251.dir/testCCompiler.c.obj -c D:/Projects/Argparser/build/CMakeFiles/CMakeTmp/testCCompiler.c
Linking C executable cmTC_ad251.exe
"C:/Program Files (x86)/Microsoft Visual Studio/2019/BuildTools/Common7/IDE/CommonExtensions/Microsoft/CMake/CMake/bin/cmake.exe" -E rm -f CMakeFiles/cmTC_ad251.dir/objects.a
C:/MinGW/bin/ar.exe cr CMakeFiles/cmTC_ad251.dir/objects.a @CMakeFiles/cmTC_ad251.dir/objects1.rsp
C:/MinGW/bin/gcc.exe -Wl,--whole-archive CMakeFiles/cmTC_ad251.dir/objects.a -Wl,--no-whole-archive -o cmTC_ad251.exe -Wl,--out-implib,libcmTC_ad251.dll.a -Wl,--major-image-version,0,--minor-image-version,0 @CMakeFiles/cmTC_ad251.dir/linklibs.rsp
make.exe[1]: Leaving directory `D:/Projects/Argparser/build/CMakeFiles/CMakeTmp'



Determining if the CXX compiler works passed with the following output:
Change Dir: D:/Projects/Argparser/build/CMakeFiles/CMakeTmp

Run Build Command(s):C:/PROGRA~2/GnuWin32/bin/make.exe -f Makefile cmTC_2861b/fast && C:/PROGRA~2/GnuWin32/bin/make.exe  -f CMakeFiles/cmTC_2861b.dir/build.make CMakeFiles/cmTC_2861b.dir/build
make.exe[1]: Entering directory `D:/Projects/Argparser/build/CMakeFiles/CMakeTmp'
Building CXX object CMakeFiles/cmTC_2861b.dir/testCXXCompiler.cxx.obj
C:/MinGW/bin/g++.exe    -o CMakeFiles/cmTC_2861b.dir/testCXXCompiler.cxx.obj -c D:/Projects/Argparser/build/CMakeFiles/CMakeTmp/testCXXCompiler.cxx
Linking CXX executable cmTC_2861b.exe
"C:/Program Files (x86)/Microsoft Visual Studio/2019/BuildTools/Common7/IDE/CommonExtensions/Microsoft/CMake/CMake/bin/cmake.exe" -E rm -f CMakeFiles/cmTC_2861b.dir/objects.a
C:/MinGW/bin/ar.exe cr CMakeFiles/cmTC_2861b.dir/objects.a @CMakeFiles/cmTC_2861b.dir/objects1.rsp
C:/MinGW/bin/g++.exe -Wl,--whole-archive CMakeFiles/cmTC_2861b.dir/objects.a -Wl,--no-whole-archive -o cmTC_2861b.exe -Wl,--out-implib,libcmTC_2861b.dll.a -Wl,--major-image-version,0,--minor-image-version,0 @CMakeFiles/cmTC_2861b.dir/linklibs.rsp
make.exe[1]: Leaving directory `D:/Projects/Argparser/build/CMakeFiles/CMakeTmp'



